<?xml version="1.0" encoding="UTF-8"?>
<!-- Generated by org.testng.reporters.JUnitReportReporter -->
<testsuite hostname="PC-BEIJ-MLIU1" name="com.test.util.Config" tests="1" failures="0" timestamp="6 May 2016 06:25:03 GMT" time="0.013" errors="0">
  <testcase name="test" time="0.013" classname="com.test.util.Config"/>
</testsuite> <!-- com.test.util.Config -->
