<?xml version="1.0" encoding="UTF-8"?>
<!-- Generated by org.testng.reporters.JUnitReportReporter -->
<testsuite hostname="PC-BEIJ-MLIU1" name="com.test.util.Locator" tests="1" failures="0" timestamp="10 May 2016 08:52:56 GMT" time="12.214" errors="0">
  <testcase name="test" time="12.214" classname="com.test.util.Locator"/>
</testsuite> <!-- com.test.util.Locator -->
