<?xml version="1.0" encoding="UTF-8"?>
<!-- Generated by org.testng.reporters.JUnitReportReporter -->
<testsuite hostname="PC-BEIJ-MLIU1" name="com.test.util.ParseXml" tests="1" failures="0" timestamp="17 May 2016 07:24:58 GMT" time="0.223" errors="0">
  <testcase name="test" time="0.223" classname="com.test.util.ParseXml"/>
</testsuite> <!-- com.test.util.ParseXml -->
