<?xml version="1.0" encoding="UTF-8"?>
<!-- Generated by org.testng.reporters.JUnitReportReporter -->
<testsuite hostname="PC-BEIJ-MLIU1" name="com.test.util.ParseProperties" tests="1" failures="0" timestamp="6 May 2016 09:02:33 GMT" time="0.010" errors="0">
  <testcase name="test" time="0.010" classname="com.test.util.ParseProperties"/>
</testsuite> <!-- com.test.util.ParseProperties -->
